<?xml version="1.0" encoding="UTF-8"?>
<testsuite xmlns:xsi="http://www.w3.org/2001/XMLSchema-instance" xsi:noNamespaceSchemaLocation="https://maven.apache.org/surefire/maven-surefire-plugin/xsd/surefire-test-report-3.0.xsd" version="3.0" name="fun.changing.todo.core.TodoItemServiceTest" time="0.851" tests="2" errors="0" skipped="0" failures="0">
  <properties>
[...]
</properties>
  <testcase name="should_add_todo_item" classname="fun.changing.todo.core.TodoItemServiceTest" time="0.809"/>
  <testcase name="should_throw_exception_for_null_todo_item" classname="fun.changing.todo.core.TodoItemServiceTest" time="0.01"/>
</testsuite>